2026-01-21 11:40:38 - VoiceAssistant - INFO - Adjusting for ambient noise... Please wait.
2026-01-21 11:40:40 - VoiceAssistant - INFO - Voice listener initialized successfully
2026-01-21 11:40:41 - VoiceAssistant - INFO - Text-to-Speech engine initialized successfully
2026-01-21 11:40:41 - VoiceAssistant - INFO - Wake word detector initialized with: 'hey zeeshan'
2026-01-21 11:40:42 - VoiceAssistant - INFO - Command classifier initialized with Rule-based (No API)
2026-01-21 11:41:08 - VoiceAssistant - WARNING - ChromaDB or SentenceTransformers not available. Memory features limited.
2026-01-21 11:41:08 - VoiceAssistant - INFO - Memory manager initialized
2026-01-21 11:41:08 - VoiceAssistant - INFO - App launcher initialized for Windows
2026-01-21 11:41:08 - VoiceAssistant - INFO - Web opener initialized
2026-01-21 11:41:08 - VoiceAssistant - INFO - System info module initialized
2026-01-21 11:41:08 - VoiceAssistant - INFO - File manager initialized
2026-01-21 11:41:08 - VoiceAssistant - INFO - Workflow executor initialized
2026-01-21 11:41:08 - VoiceAssistant - INFO - ============================================================
2026-01-21 11:41:08 - VoiceAssistant - INFO - Initializing Zeeshan Voice Assistant
2026-01-21 11:41:08 - VoiceAssistant - INFO - ============================================================
2026-01-21 11:41:08 - VoiceAssistant - INFO - Voice Assistant initialized successfully
2026-01-21 11:41:08 - VoiceAssistant - INFO - Speaking: Hello! I am Zeeshan, your voice assistant. Say 'Hey Zeeshan' to activate me.
2026-01-21 11:41:16 - VoiceAssistant - INFO - Voice Assistant started
2026-01-21 11:41:16 - VoiceAssistant - INFO - Listening for wake word: 'hey zeeshan'
2026-01-21 11:41:17 - VoiceAssistant - DEBUG - Listening for voice input...
2026-01-21 11:41:22 - VoiceAssistant - DEBUG - Recognizing speech...
2026-01-21 11:41:24 - VoiceAssistant - INFO - Recognized: hey Zeeshan
2026-01-21 11:41:24 - VoiceAssistant - DEBUG - Heard: hey zeeshan
2026-01-21 11:41:24 - VoiceAssistant - INFO - Wake word detected! Assistant activated.
2026-01-21 11:41:24 - VoiceAssistant - INFO - Speaking: Yes, I'm listening. How can I help you?
2026-01-21 11:41:29 - VoiceAssistant - INFO - Assistant activated
2026-01-21 11:41:29 - VoiceAssistant - INFO - Waiting for user command...
2026-01-21 11:41:29 - VoiceAssistant - INFO - Waiting for command...
2026-01-21 11:41:30 - VoiceAssistant - DEBUG - Listening for voice input...
2026-01-21 11:41:40 - VoiceAssistant - DEBUG - Recognizing speech...
2026-01-21 11:41:42 - VoiceAssistant - WARNING - Could not understand audio
2026-01-21 11:41:42 - VoiceAssistant - WARNING - No command received
2026-01-21 11:41:42 - VoiceAssistant - INFO - Speaking: I didn't catch that. Could you please repeat?
2026-01-21 11:41:46 - VoiceAssistant - INFO - Assistant deactivated
2026-01-21 11:41:46 - VoiceAssistant - INFO - Listening for wake word: 'hey zeeshan'
2026-01-21 11:41:47 - VoiceAssistant - DEBUG - Listening for voice input...
2026-01-21 11:41:52 - VoiceAssistant - DEBUG - Recognizing speech...
2026-01-21 11:41:54 - VoiceAssistant - WARNING - Could not understand audio
2026-01-21 11:41:54 - VoiceAssistant - DEBUG - Listening for voice input...
2026-01-21 11:42:00 - VoiceAssistant - DEBUG - Recognizing speech...
2026-01-21 11:42:01 - VoiceAssistant - WARNING - Could not understand audio
2026-01-21 11:42:01 - VoiceAssistant - DEBUG - Listening for voice input...
2026-01-21 11:42:07 - VoiceAssistant - DEBUG - Recognizing speech...
2026-01-21 11:42:08 - VoiceAssistant - INFO - Recognized: working girl
2026-01-21 11:42:08 - VoiceAssistant - DEBUG - Heard: working girl
2026-01-21 11:42:09 - VoiceAssistant - DEBUG - Listening for voice input...
2026-01-21 11:42:14 - VoiceAssistant - DEBUG - Recognizing speech...
2026-01-21 11:42:16 - VoiceAssistant - WARNING - Could not understand audio
2026-01-21 11:42:16 - VoiceAssistant - DEBUG - Listening for voice input...
2026-01-21 11:42:22 - VoiceAssistant - DEBUG - Recognizing speech...
2026-01-21 11:42:23 - VoiceAssistant - INFO - Recognized: notepad
2026-01-21 11:42:23 - VoiceAssistant - DEBUG - Heard: notepad
2026-01-21 11:42:24 - VoiceAssistant - DEBUG - Listening for voice input...
2026-01-21 11:42:29 - VoiceAssistant - DEBUG - Recognizing speech...
2026-01-21 11:42:30 - VoiceAssistant - WARNING - Could not understand audio
2026-01-21 11:42:31 - VoiceAssistant - DEBUG - Listening for voice input...
2026-01-21 11:51:35 - VoiceAssistant - INFO - Adjusting for ambient noise... Please wait.
2026-01-21 11:51:37 - VoiceAssistant - INFO - Voice listener initialized successfully
2026-01-21 11:51:37 - VoiceAssistant - INFO - Text-to-Speech engine initialized successfully
2026-01-21 11:51:37 - VoiceAssistant - INFO - Wake word detector initialized with: 'hey zeeshan'
2026-01-21 11:51:38 - VoiceAssistant - INFO - Command classifier initialized with Rule-based (No API)
2026-01-21 11:51:46 - VoiceAssistant - WARNING - ChromaDB or SentenceTransformers not available. Memory features limited.
2026-01-21 11:51:46 - VoiceAssistant - INFO - Memory manager initialized
2026-01-21 11:51:46 - VoiceAssistant - INFO - App launcher initialized for Windows
2026-01-21 11:51:46 - VoiceAssistant - INFO - Web opener initialized
2026-01-21 11:51:46 - VoiceAssistant - INFO - System info module initialized
2026-01-21 11:51:46 - VoiceAssistant - INFO - File manager initialized
2026-01-21 11:51:46 - VoiceAssistant - INFO - Workflow executor initialized
2026-01-21 11:51:46 - VoiceAssistant - INFO - ============================================================
2026-01-21 11:51:46 - VoiceAssistant - INFO - Initializing Zeeshan Voice Assistant
2026-01-21 11:51:46 - VoiceAssistant - INFO - ============================================================
2026-01-21 11:51:46 - VoiceAssistant - INFO - Voice Assistant initialized successfully
2026-01-21 11:51:46 - VoiceAssistant - INFO - Speaking: Hello! I am Zeeshan, your voice assistant. Say 'Hey Zeeshan' to activate me.
2026-01-21 11:51:54 - VoiceAssistant - INFO - Voice Assistant started
2026-01-21 11:51:54 - VoiceAssistant - INFO - Listening for wake word: 'hey zeeshan'
2026-01-21 11:51:54 - VoiceAssistant - DEBUG - Listening for voice input...
2026-01-21 11:52:00 - VoiceAssistant - DEBUG - Recognizing speech...
2026-01-21 11:52:01 - VoiceAssistant - WARNING - Could not understand audio
2026-01-21 11:52:01 - VoiceAssistant - DEBUG - Listening for voice input...
2026-01-21 11:52:07 - VoiceAssistant - DEBUG - Recognizing speech...
2026-01-21 11:52:09 - VoiceAssistant - WARNING - Could not understand audio
2026-01-21 11:52:09 - VoiceAssistant - DEBUG - Listening for voice input...
2026-01-21 11:52:14 - VoiceAssistant - DEBUG - Recognizing speech...
2026-01-21 11:52:16 - VoiceAssistant - INFO - Recognized: hey Zeeshan
2026-01-21 11:52:16 - VoiceAssistant - DEBUG - Heard: hey zeeshan
2026-01-21 11:52:16 - VoiceAssistant - INFO - Wake word detected! Assistant activated.
2026-01-21 11:52:16 - VoiceAssistant - INFO - Speaking: Yes, I'm listening. How can I help you?
2026-01-21 11:52:21 - VoiceAssistant - INFO - Assistant activated
2026-01-21 11:52:21 - VoiceAssistant - INFO - Waiting for user command...
2026-01-21 11:52:21 - VoiceAssistant - INFO - Waiting for command...
2026-01-21 11:52:21 - VoiceAssistant - DEBUG - Listening for voice input...
2026-01-21 11:52:31 - VoiceAssistant - DEBUG - Recognizing speech...
2026-01-21 11:52:33 - VoiceAssistant - INFO - Recognized: notepad
2026-01-21 11:52:33 - VoiceAssistant - INFO - Command received: notepad
2026-01-21 11:52:33 - VoiceAssistant - INFO - Processing command: notepad
2026-01-21 11:52:33 - VoiceAssistant - INFO - Intent: open_app, Action: notepad, Confidence: 0.9
2026-01-21 11:52:33 - VoiceAssistant - INFO - Speaking: Opening notepad
2026-01-21 11:52:36 - VoiceAssistant - INFO - Successfully launched: notepad
2026-01-21 11:52:36 - VoiceAssistant - INFO - Speaking: notepad opened successfully
2026-01-21 11:52:39 - VoiceAssistant - DEBUG - Recorded command: notepad -> open_app:notepad
2026-01-21 11:52:39 - VoiceAssistant - INFO - Assistant deactivated
2026-01-21 11:52:39 - VoiceAssistant - INFO - Listening for wake word: 'hey zeeshan'
2026-01-21 11:52:39 - VoiceAssistant - DEBUG - Listening for voice input...
2026-01-21 11:52:45 - VoiceAssistant - DEBUG - Recognizing speech...
2026-01-21 11:52:46 - VoiceAssistant - INFO - Recognized: you close notepad
2026-01-21 11:52:46 - VoiceAssistant - DEBUG - Heard: you close notepad
2026-01-21 11:52:47 - VoiceAssistant - DEBUG - Listening for voice input...
2026-01-21 11:52:52 - VoiceAssistant - DEBUG - Recognizing speech...
2026-01-21 11:52:53 - VoiceAssistant - WARNING - Could not understand audio
2026-01-21 11:52:54 - VoiceAssistant - DEBUG - Listening for voice input...
2026-01-21 11:52:59 - VoiceAssistant - DEBUG - Recognizing speech...
2026-01-21 11:53:03 - VoiceAssistant - INFO - Recognized: hey Zeeshan
2026-01-21 11:53:03 - VoiceAssistant - DEBUG - Heard: hey zeeshan
2026-01-21 11:53:03 - VoiceAssistant - INFO - Wake word detected! Assistant activated.
2026-01-21 11:53:03 - VoiceAssistant - INFO - Speaking: Yes, I'm listening. How can I help you?
2026-01-21 11:53:08 - VoiceAssistant - INFO - Assistant activated
2026-01-21 11:53:08 - VoiceAssistant - INFO - Waiting for user command...
2026-01-21 11:53:08 - VoiceAssistant - INFO - Waiting for command...
2026-01-21 11:53:08 - VoiceAssistant - DEBUG - Listening for voice input...
2026-01-21 11:53:18 - VoiceAssistant - DEBUG - Recognizing speech...
2026-01-21 11:53:20 - VoiceAssistant - WARNING - Could not understand audio
2026-01-21 11:53:20 - VoiceAssistant - WARNING - No command received
2026-01-21 11:53:20 - VoiceAssistant - INFO - Speaking: I didn't catch that. Could you please repeat?
2026-01-21 11:53:25 - VoiceAssistant - INFO - Assistant deactivated
2026-01-21 11:53:25 - VoiceAssistant - INFO - Listening for wake word: 'hey zeeshan'
2026-01-21 11:53:26 - VoiceAssistant - DEBUG - Listening for voice input...
2026-01-21 11:53:31 - VoiceAssistant - DEBUG - Recognizing speech...
2026-01-21 11:53:32 - VoiceAssistant - INFO - Recognized: close notepad
2026-01-21 11:53:32 - VoiceAssistant - DEBUG - Heard: close notepad
2026-01-21 11:53:33 - VoiceAssistant - DEBUG - Listening for voice input...
2026-01-21 11:53:38 - VoiceAssistant - DEBUG - Recognizing speech...
2026-01-21 11:53:40 - VoiceAssistant - WARNING - Could not understand audio
2026-01-21 11:53:40 - VoiceAssistant - DEBUG - Listening for voice input...
2026-01-21 11:53:45 - VoiceAssistant - DEBUG - Recognizing speech...
2026-01-21 11:53:47 - VoiceAssistant - WARNING - Could not understand audio
2026-01-21 11:53:47 - VoiceAssistant - DEBUG - Listening for voice input...
2026-01-21 11:53:53 - VoiceAssistant - DEBUG - Recognizing speech...
2026-01-21 11:53:55 - VoiceAssistant - INFO - Recognized: close notepad
2026-01-21 11:53:55 - VoiceAssistant - DEBUG - Heard: close notepad
2026-01-21 11:53:55 - VoiceAssistant - DEBUG - Listening for voice input...
2026-01-21 11:54:01 - VoiceAssistant - DEBUG - Recognizing speech...
2026-01-21 11:54:03 - VoiceAssistant - WARNING - Could not understand audio
2026-01-21 11:54:04 - VoiceAssistant - DEBUG - Listening for voice input...
2026-01-21 11:54:09 - VoiceAssistant - DEBUG - Recognizing speech...
2026-01-21 11:54:14 - VoiceAssistant - WARNING - Could not understand audio
2026-01-21 11:54:15 - VoiceAssistant - DEBUG - Listening for voice input...
2026-01-21 11:54:20 - VoiceAssistant - DEBUG - Recognizing speech...
2026-01-21 11:54:25 - VoiceAssistant - INFO - Recognized: Open C Drive
2026-01-21 11:54:25 - VoiceAssistant - DEBUG - Heard: open c drive
2026-01-21 11:54:26 - VoiceAssistant - DEBUG - Listening for voice input...
2026-01-21 11:54:31 - VoiceAssistant - DEBUG - Recognizing speech...
2026-01-21 11:54:33 - VoiceAssistant - WARNING - Could not understand audio
2026-01-21 11:54:33 - VoiceAssistant - DEBUG - Listening for voice input...
2026-01-21 11:54:39 - VoiceAssistant - DEBUG - Recognizing speech...
2026-01-21 11:54:40 - VoiceAssistant - WARNING - Could not understand audio
2026-01-21 11:54:41 - VoiceAssistant - DEBUG - Listening for voice input...
2026-01-21 11:54:46 - VoiceAssistant - DEBUG - Recognizing speech...
2026-01-21 11:54:50 - VoiceAssistant - INFO - Recognized: open terminal
2026-01-21 11:54:50 - VoiceAssistant - DEBUG - Heard: open terminal
2026-01-21 11:54:51 - VoiceAssistant - DEBUG - Listening for voice input...
2026-01-21 11:54:56 - VoiceAssistant - DEBUG - Recognizing speech...
2026-01-21 11:55:00 - VoiceAssistant - WARNING - Could not understand audio
2026-01-21 11:55:00 - VoiceAssistant - DEBUG - Listening for voice input...
2026-01-21 11:55:05 - VoiceAssistant - DEBUG - Recognizing speech...
2026-01-21 11:55:07 - VoiceAssistant - INFO - Recognized: exit
2026-01-21 11:55:07 - VoiceAssistant - DEBUG - Heard: exit
2026-01-21 11:55:07 - VoiceAssistant - DEBUG - Listening for voice input...
2026-01-21 11:55:13 - VoiceAssistant - DEBUG - Recognizing speech...
2026-01-21 11:55:14 - VoiceAssistant - WARNING - Could not understand audio
2026-01-21 11:55:14 - VoiceAssistant - DEBUG - Listening for voice input...
2026-01-21 11:55:20 - VoiceAssistant - DEBUG - Recognizing speech...
2026-01-21 12:07:13 - VoiceAssistant - INFO - Adjusting for ambient noise... Please wait.
2026-01-21 12:07:15 - VoiceAssistant - INFO - Voice listener initialized successfully
2026-01-21 12:07:15 - VoiceAssistant - INFO - Text-to-Speech engine initialized successfully
2026-01-21 12:07:15 - VoiceAssistant - INFO - Wake word detector initialized with: 'hey zeeshan'
2026-01-21 12:07:16 - VoiceAssistant - INFO - Command classifier initialized with Rule-based (No API)
2026-01-21 12:07:22 - VoiceAssistant - WARNING - ChromaDB or SentenceTransformers not available. Memory features limited.
2026-01-21 12:07:22 - VoiceAssistant - INFO - Memory manager initialized
2026-01-21 12:07:22 - VoiceAssistant - INFO - App launcher initialized for Windows
2026-01-21 12:07:22 - VoiceAssistant - INFO - Web opener initialized
2026-01-21 12:07:22 - VoiceAssistant - INFO - System info module initialized
2026-01-21 12:07:22 - VoiceAssistant - INFO - File manager initialized
2026-01-21 12:07:22 - VoiceAssistant - INFO - Workflow executor initialized
2026-01-21 12:07:22 - VoiceAssistant - INFO - ============================================================
2026-01-21 12:07:22 - VoiceAssistant - INFO - Initializing Zeeshan Voice Assistant
2026-01-21 12:07:22 - VoiceAssistant - INFO - ============================================================
2026-01-21 12:07:22 - VoiceAssistant - INFO - Voice Assistant initialized successfully
2026-01-21 12:07:22 - VoiceAssistant - INFO - Speaking: Hello! I am Zeeshan, your voice assistant. Say 'Hey Zeeshan' to activate me.
2026-01-21 12:07:30 - VoiceAssistant - INFO - Voice Assistant started
2026-01-21 12:07:30 - VoiceAssistant - INFO - Listening for wake word: 'hey zeeshan'
2026-01-21 12:07:31 - VoiceAssistant - DEBUG - Listening for voice input...
2026-01-21 12:07:34 - VoiceAssistant - DEBUG - Recognizing speech...
2026-01-21 12:07:35 - VoiceAssistant - WARNING - Could not understand audio
2026-01-21 12:07:36 - VoiceAssistant - DEBUG - Listening for voice input...
2026-01-21 12:07:41 - VoiceAssistant - DEBUG - Recognizing speech...
2026-01-21 12:07:43 - VoiceAssistant - INFO - Recognized: hey Zeeshan
2026-01-21 12:07:43 - VoiceAssistant - DEBUG - Heard: hey zeeshan
2026-01-21 12:07:43 - VoiceAssistant - INFO - Wake word detected! Assistant activated.
2026-01-21 12:07:43 - VoiceAssistant - INFO - Speaking: Yes, I'm listening. How can I help you?
2026-01-21 12:07:48 - VoiceAssistant - INFO - Assistant activated
2026-01-21 12:07:48 - VoiceAssistant - INFO - Waiting for user command...
2026-01-21 12:07:48 - VoiceAssistant - INFO - Waiting for command...
2026-01-21 12:07:49 - VoiceAssistant - DEBUG - Listening for voice input...
2026-01-21 12:07:56 - VoiceAssistant - DEBUG - Recognizing speech...
2026-01-21 12:07:58 - VoiceAssistant - INFO - Recognized: open camera
2026-01-21 12:07:58 - VoiceAssistant - INFO - Command received: open camera
2026-01-21 12:07:58 - VoiceAssistant - INFO - Processing command: open camera
2026-01-21 12:07:58 - VoiceAssistant - INFO - Intent: unknown, Action: None, Confidence: 0.0
2026-01-21 12:07:58 - VoiceAssistant - INFO - Speaking: I'm not sure what you want me to do. Could you please rephrase?
2026-01-21 12:08:04 - VoiceAssistant - INFO - Assistant deactivated
2026-01-21 12:08:04 - VoiceAssistant - INFO - Listening for wake word: 'hey zeeshan'
2026-01-21 12:08:05 - VoiceAssistant - DEBUG - Listening for voice input...
2026-01-21 12:08:06 - VoiceAssistant - DEBUG - Recognizing speech...
2026-01-21 12:08:07 - VoiceAssistant - INFO - Recognized: camera
2026-01-21 12:08:07 - VoiceAssistant - DEBUG - Heard: camera
2026-01-21 12:08:08 - VoiceAssistant - DEBUG - Listening for voice input...
2026-01-21 12:08:10 - VoiceAssistant - DEBUG - Recognizing speech...
2026-01-21 12:08:11 - VoiceAssistant - WARNING - Could not understand audio
2026-01-21 12:08:12 - VoiceAssistant - DEBUG - Listening for voice input...
2026-01-21 12:08:18 - VoiceAssistant - DEBUG - Recognizing speech...
2026-01-21 12:08:19 - VoiceAssistant - INFO - Recognized: open camera
2026-01-21 12:08:19 - VoiceAssistant - DEBUG - Heard: open camera
2026-01-21 12:08:20 - VoiceAssistant - DEBUG - Listening for voice input...
2026-01-21 12:08:24 - VoiceAssistant - DEBUG - Recognizing speech...
2026-01-21 12:08:25 - VoiceAssistant - WARNING - Could not understand audio
2026-01-21 12:08:26 - VoiceAssistant - DEBUG - Listening for voice input...
2026-01-21 12:08:31 - VoiceAssistant - DEBUG - Recognizing speech...
2026-01-21 12:08:33 - VoiceAssistant - INFO - Recognized: pudina aur Kitna ke liye
2026-01-21 12:08:33 - VoiceAssistant - DEBUG - Heard: pudina aur kitna ke liye
2026-01-21 12:08:34 - VoiceAssistant - DEBUG - Listening for voice input...
2026-01-21 12:08:39 - VoiceAssistant - DEBUG - Recognizing speech...
2026-01-21 12:08:41 - VoiceAssistant - WARNING - Could not understand audio
2026-01-21 12:08:42 - VoiceAssistant - DEBUG - Listening for voice input...
2026-01-21 12:08:46 - VoiceAssistant - DEBUG - Recognizing speech...
2026-01-21 12:08:47 - VoiceAssistant - INFO - Recognized: open camera
2026-01-21 12:08:47 - VoiceAssistant - DEBUG - Heard: open camera
2026-01-21 12:08:48 - VoiceAssistant - DEBUG - Listening for voice input...
2026-01-21 12:08:53 - VoiceAssistant - DEBUG - Recognizing speech...
2026-01-21 12:08:55 - VoiceAssistant - WARNING - Could not understand audio
2026-01-21 12:08:56 - VoiceAssistant - DEBUG - Listening for voice input...
2026-01-21 12:09:01 - VoiceAssistant - DEBUG - Recognizing speech...
2026-01-21 12:09:02 - VoiceAssistant - INFO - Recognized: open Notepad
2026-01-21 12:09:02 - VoiceAssistant - DEBUG - Heard: open notepad
2026-01-21 12:09:03 - VoiceAssistant - DEBUG - Listening for voice input...
2026-01-21 12:09:08 - VoiceAssistant - DEBUG - Recognizing speech...
2026-01-21 12:09:09 - VoiceAssistant - WARNING - Could not understand audio
2026-01-21 12:09:10 - VoiceAssistant - DEBUG - Listening for voice input...
2026-01-21 12:09:16 - VoiceAssistant - DEBUG - Recognizing speech...
2026-01-21 12:09:18 - VoiceAssistant - WARNING - Could not understand audio
2026-01-21 12:09:19 - VoiceAssistant - DEBUG - Listening for voice input...
2026-01-21 12:09:24 - VoiceAssistant - DEBUG - Recognizing speech...
2026-01-21 12:09:29 - VoiceAssistant - INFO - Recognized: exit
2026-01-21 12:09:29 - VoiceAssistant - DEBUG - Heard: exit
2026-01-21 12:09:30 - VoiceAssistant - DEBUG - Listening for voice input...
2026-01-21 12:09:35 - VoiceAssistant - DEBUG - Recognizing speech...
2026-01-21 12:09:36 - VoiceAssistant - WARNING - Could not understand audio
2026-01-21 12:09:37 - VoiceAssistant - DEBUG - Listening for voice input...
2026-01-21 12:10:27 - VoiceAssistant - INFO - Adjusting for ambient noise... Please wait.
2026-01-21 12:10:28 - VoiceAssistant - INFO - Voice listener initialized successfully
2026-01-21 12:10:29 - VoiceAssistant - INFO - Text-to-Speech engine initialized successfully
2026-01-21 12:10:29 - VoiceAssistant - INFO - Wake word detector initialized with: 'hey zeeshan'
2026-01-21 12:10:30 - VoiceAssistant - INFO - Command classifier initialized with Rule-based (No API)
2026-01-21 12:10:38 - VoiceAssistant - WARNING - ChromaDB or SentenceTransformers not available. Memory features limited.
2026-01-21 12:10:38 - VoiceAssistant - INFO - Memory manager initialized
2026-01-21 12:10:38 - VoiceAssistant - INFO - App launcher initialized for Windows
2026-01-21 12:10:38 - VoiceAssistant - INFO - Web opener initialized
2026-01-21 12:10:38 - VoiceAssistant - INFO - System info module initialized
2026-01-21 12:10:38 - VoiceAssistant - INFO - File manager initialized
2026-01-21 12:10:38 - VoiceAssistant - INFO - Workflow executor initialized
2026-01-21 12:10:38 - VoiceAssistant - INFO - ============================================================
2026-01-21 12:10:38 - VoiceAssistant - INFO - Initializing Zeeshan Voice Assistant
2026-01-21 12:10:38 - VoiceAssistant - INFO - ============================================================
2026-01-21 12:10:38 - VoiceAssistant - INFO - Voice Assistant initialized successfully
2026-01-21 12:10:38 - VoiceAssistant - INFO - Speaking: Hello! I am Zeeshan, your voice assistant. Say 'Hey Zeeshan' to activate me.
2026-01-21 12:10:46 - VoiceAssistant - INFO - Voice Assistant started
2026-01-21 12:10:46 - VoiceAssistant - INFO - Listening for wake word: 'hey zeeshan'
2026-01-21 12:10:46 - VoiceAssistant - DEBUG - Listening for voice input...
2026-01-21 12:10:50 - VoiceAssistant - DEBUG - Recognizing speech...
2026-01-21 12:10:51 - VoiceAssistant - INFO - Recognized: hey Zeeshan
2026-01-21 12:10:51 - VoiceAssistant - DEBUG - Heard: hey zeeshan
2026-01-21 12:10:51 - VoiceAssistant - INFO - Wake word detected! Assistant activated.
2026-01-21 12:10:51 - VoiceAssistant - INFO - Speaking: Yes, I'm listening. How can I help you?
2026-01-21 12:10:56 - VoiceAssistant - INFO - Assistant activated
2026-01-21 12:10:56 - VoiceAssistant - INFO - Waiting for user command...
2026-01-21 12:10:56 - VoiceAssistant - INFO - Waiting for command...
2026-01-21 12:10:57 - VoiceAssistant - DEBUG - Listening for voice input...
2026-01-21 12:11:07 - VoiceAssistant - DEBUG - Recognizing speech...
2026-01-21 12:11:09 - VoiceAssistant - INFO - Recognized: camera
2026-01-21 12:11:09 - VoiceAssistant - INFO - Command received: camera
2026-01-21 12:11:09 - VoiceAssistant - INFO - Processing command: camera
2026-01-21 12:11:09 - VoiceAssistant - INFO - Intent: unknown, Action: None, Confidence: 0.0
2026-01-21 12:11:09 - VoiceAssistant - INFO - Speaking: I'm not sure what you want me to do. Could you please rephrase?
2026-01-21 12:11:15 - VoiceAssistant - INFO - Assistant deactivated
2026-01-21 12:11:15 - VoiceAssistant - INFO - Listening for wake word: 'hey zeeshan'
2026-01-21 12:11:15 - VoiceAssistant - DEBUG - Listening for voice input...
2026-01-21 12:11:20 - VoiceAssistant - DEBUG - Recognizing speech...
2026-01-21 12:11:22 - VoiceAssistant - INFO - Recognized: open camera
2026-01-21 12:11:22 - VoiceAssistant - DEBUG - Heard: open camera
2026-01-21 12:11:22 - VoiceAssistant - DEBUG - Listening for voice input...
2026-01-21 12:11:28 - VoiceAssistant - DEBUG - Recognizing speech...
2026-01-21 12:11:29 - VoiceAssistant - WARNING - Could not understand audio
2026-01-21 12:11:30 - VoiceAssistant - DEBUG - Listening for voice input...
2026-01-21 12:11:35 - VoiceAssistant - DEBUG - Recognizing speech...
2026-01-21 12:11:36 - VoiceAssistant - WARNING - Could not understand audio
2026-01-21 12:11:37 - VoiceAssistant - DEBUG - Listening for voice input...
2026-01-21 12:11:42 - VoiceAssistant - DEBUG - Recognizing speech...
2026-01-21 12:11:44 - VoiceAssistant - INFO - Recognized: open Notepad
2026-01-21 12:11:44 - VoiceAssistant - DEBUG - Heard: open notepad
2026-01-21 12:11:44 - VoiceAssistant - DEBUG - Listening for voice input...
2026-01-21 12:11:50 - VoiceAssistant - DEBUG - Recognizing speech...
2026-01-21 12:11:51 - VoiceAssistant - WARNING - Could not understand audio
2026-01-21 12:11:52 - VoiceAssistant - DEBUG - Listening for voice input...
2026-01-21 12:11:57 - VoiceAssistant - DEBUG - Recognizing speech...
2026-01-21 12:11:59 - VoiceAssistant - INFO - Recognized: Badwa abhi understand kar raha tha Notepad wala
2026-01-21 12:11:59 - VoiceAssistant - DEBUG - Heard: badwa abhi understand kar raha tha notepad wala
2026-01-21 12:12:00 - VoiceAssistant - DEBUG - Listening for voice input...
2026-01-21 12:12:05 - VoiceAssistant - DEBUG - Recognizing speech...
2026-01-21 12:12:07 - VoiceAssistant - INFO - Recognized: Galiyan sab
2026-01-21 12:12:07 - VoiceAssistant - DEBUG - Heard: galiyan sab
2026-01-21 12:12:07 - VoiceAssistant - DEBUG - Listening for voice input...
2026-01-21 12:12:13 - VoiceAssistant - DEBUG - Recognizing speech...
2026-01-21 12:12:15 - VoiceAssistant - INFO - Recognized: open Notepad
2026-01-21 12:12:15 - VoiceAssistant - DEBUG - Heard: open notepad
2026-01-21 12:12:16 - VoiceAssistant - DEBUG - Listening for voice input...
2026-01-21 12:12:21 - VoiceAssistant - DEBUG - Recognizing speech...
2026-01-21 12:12:22 - VoiceAssistant - WARNING - Could not understand audio
2026-01-21 12:12:23 - VoiceAssistant - DEBUG - Listening for voice input...
2026-01-21 12:12:28 - VoiceAssistant - DEBUG - Recognizing speech...
2026-01-21 12:12:34 - VoiceAssistant - WARNING - Could not understand audio
2026-01-21 12:12:34 - VoiceAssistant - DEBUG - Listening for voice input...
