2026-01-19 09:56:51 - VoiceAssistant - INFO - Adjusting for ambient noise... Please wait.
2026-01-19 09:56:52 - VoiceAssistant - INFO - Voice listener initialized successfully
2026-01-19 09:56:54 - VoiceAssistant - INFO - Text-to-Speech engine initialized successfully
2026-01-19 09:56:54 - VoiceAssistant - INFO - Wake word detector initialized with: 'hey zeeshan'
2026-01-19 09:57:57 - VoiceAssistant - INFO - Adjusting for ambient noise... Please wait.
2026-01-19 09:57:58 - VoiceAssistant - INFO - Voice listener initialized successfully
2026-01-19 09:57:58 - VoiceAssistant - INFO - Text-to-Speech engine initialized successfully
2026-01-19 09:57:58 - VoiceAssistant - INFO - Wake word detector initialized with: 'hey zeeshan'
2026-01-19 09:58:00 - VoiceAssistant - INFO - Command classifier initialized with Rule-based (No API)
2026-01-19 09:58:27 - VoiceAssistant - WARNING - ChromaDB or SentenceTransformers not available. Memory features limited.
2026-01-19 09:58:27 - VoiceAssistant - INFO - Memory manager initialized
2026-01-19 09:58:27 - VoiceAssistant - INFO - App launcher initialized for Windows
2026-01-19 09:58:27 - VoiceAssistant - INFO - Web opener initialized
2026-01-19 09:58:27 - VoiceAssistant - INFO - System info module initialized
2026-01-19 09:58:27 - VoiceAssistant - INFO - File manager initialized
2026-01-19 09:58:27 - VoiceAssistant - INFO - Workflow executor initialized
2026-01-19 09:58:27 - VoiceAssistant - INFO - ============================================================
2026-01-19 09:58:27 - VoiceAssistant - INFO - Initializing Zeeshan Voice Assistant
2026-01-19 09:58:27 - VoiceAssistant - INFO - ============================================================
2026-01-19 09:58:27 - VoiceAssistant - INFO - Voice Assistant initialized successfully
2026-01-19 09:58:27 - VoiceAssistant - INFO - Speaking: Hello! I am Zeeshan, your voice assistant. Say 'Hey Zeeshan' to activate me.
2026-01-19 09:58:36 - VoiceAssistant - INFO - Voice Assistant started
2026-01-19 09:58:36 - VoiceAssistant - INFO - Listening for wake word: 'hey zeeshan'
2026-01-19 09:58:36 - VoiceAssistant - DEBUG - Listening for voice input...
2026-01-19 09:58:40 - VoiceAssistant - DEBUG - Recognizing speech...
2026-01-19 09:58:42 - VoiceAssistant - WARNING - Could not understand audio
2026-01-19 09:58:42 - VoiceAssistant - DEBUG - Listening for voice input...
2026-01-19 09:58:48 - VoiceAssistant - DEBUG - Recognizing speech...
2026-01-19 09:58:50 - VoiceAssistant - INFO - Recognized: hey Zeeshan
2026-01-19 09:58:50 - VoiceAssistant - DEBUG - Heard: hey zeeshan
2026-01-19 09:58:50 - VoiceAssistant - INFO - Wake word detected! Assistant activated.
2026-01-19 09:58:50 - VoiceAssistant - INFO - Speaking: Yes, I'm listening. How can I help you?
2026-01-19 09:58:55 - VoiceAssistant - INFO - Assistant activated
2026-01-19 09:58:55 - VoiceAssistant - INFO - Waiting for user command...
2026-01-19 09:58:55 - VoiceAssistant - INFO - Waiting for command...
2026-01-19 09:58:55 - VoiceAssistant - DEBUG - Listening for voice input...
2026-01-19 09:59:06 - VoiceAssistant - DEBUG - Recognizing speech...
2026-01-19 09:59:08 - VoiceAssistant - INFO - Recognized: open WhatsApp
2026-01-19 09:59:08 - VoiceAssistant - INFO - Command received: open whatsapp
2026-01-19 09:59:08 - VoiceAssistant - INFO - Processing command: open whatsapp
2026-01-19 09:59:08 - VoiceAssistant - INFO - Intent: unknown, Action: None, Confidence: 0.0
2026-01-19 09:59:08 - VoiceAssistant - INFO - Speaking: I'm not sure what you want me to do. Could you please rephrase?
2026-01-19 09:59:13 - VoiceAssistant - INFO - Assistant deactivated
2026-01-19 09:59:13 - VoiceAssistant - INFO - Listening for wake word: 'hey zeeshan'
2026-01-19 09:59:14 - VoiceAssistant - DEBUG - Listening for voice input...
2026-01-19 09:59:19 - VoiceAssistant - DEBUG - Recognizing speech...
2026-01-19 09:59:22 - VoiceAssistant - INFO - Recognized: do for me
2026-01-19 09:59:22 - VoiceAssistant - DEBUG - Heard: do for me
2026-01-19 09:59:22 - VoiceAssistant - DEBUG - Listening for voice input...
2026-01-19 09:59:28 - VoiceAssistant - DEBUG - Recognizing speech...
2026-01-19 09:59:30 - VoiceAssistant - WARNING - Could not understand audio
2026-01-19 09:59:30 - VoiceAssistant - DEBUG - Listening for voice input...
2026-01-19 09:59:36 - VoiceAssistant - DEBUG - Recognizing speech...
2026-01-19 09:59:38 - VoiceAssistant - WARNING - Could not understand audio
2026-01-19 09:59:38 - VoiceAssistant - DEBUG - Listening for voice input...
2026-01-19 09:59:43 - VoiceAssistant - DEBUG - Recognizing speech...
2026-01-19 09:59:46 - VoiceAssistant - INFO - Recognized: hey listen listen what can you do for me
2026-01-19 09:59:46 - VoiceAssistant - DEBUG - Heard: hey listen listen what can you do for me
2026-01-19 09:59:47 - VoiceAssistant - DEBUG - Listening for voice input...
2026-01-19 09:59:52 - VoiceAssistant - DEBUG - Recognizing speech...
2026-01-19 09:59:53 - VoiceAssistant - WARNING - Could not understand audio
2026-01-19 09:59:54 - VoiceAssistant - DEBUG - Listening for voice input...
2026-01-19 09:59:59 - VoiceAssistant - DEBUG - Recognizing speech...
2026-01-19 10:00:01 - VoiceAssistant - INFO - Recognized: you could not
2026-01-19 10:00:01 - VoiceAssistant - DEBUG - Heard: you could not
2026-01-19 10:00:01 - VoiceAssistant - DEBUG - Listening for voice input...
2026-01-19 10:00:06 - VoiceAssistant - DEBUG - Recognizing speech...
2026-01-19 10:00:08 - VoiceAssistant - WARNING - Could not understand audio
2026-01-19 10:00:09 - VoiceAssistant - DEBUG - Listening for voice input...
2026-01-19 10:00:14 - VoiceAssistant - DEBUG - Recognizing speech...
